<?xml version="1.0" encoding="UTF-8"?>
<testsuite xmlns:xsi="http://www.w3.org/2001/XMLSchema-instance" xsi:noNamespaceSchemaLocation="https://maven.apache.org/surefire/maven-surefire-plugin/xsd/surefire-test-report-3.0.xsd" version="3.0" name="com.wei.compiler.test.SymbolTableManagerTest" time="0.078" tests="10" errors="0" skipped="0" failures="0">
  <properties>
[...]
</properties>
  <testcase name="testInsertAndLookupSymbol" classname="com.wei.compiler.test.SymbolTableManagerTest" time="0.001"/>
  <testcase name="testUndefinedIdentifier" classname="com.wei.compiler.test.SymbolTableManagerTest" time="0.007"/>
  <testcase name="testSymbolInDifferentScopes" classname="com.wei.compiler.test.SymbolTableManagerTest" time="0"/>
  <testcase name="testArrayInfo" classname="com.wei.compiler.test.SymbolTableManagerTest" time="0.037"/>
  <testcase name="testErrorCollection" classname="com.wei.compiler.test.SymbolTableManagerTest" time="0.007"/>
  <testcase name="testStructDefinition" classname="com.wei.compiler.test.SymbolTableManagerTest" time="0.001"/>
  <testcase name="testDebugMode" classname="com.wei.compiler.test.SymbolTableManagerTest" time="0.002">
    <system-out><![CDATA[[Scope 0] 插入符号: SymbolEntry[name='debugVar', type=VARIABLE, dataType=int, kind=LOCAL, scope=1]
作用域 0 的符号:
  SymbolEntry[name='debugVar', type=VARIABLE, dataType=int, kind=LOCAL, scope=1]
=== 完整符号表 ===
作用域 0 (级别 全局):
  SymbolEntry[name='debugVar', type=VARIABLE, dataType=int, kind=LOCAL, scope=1]

]]></system-out>
  </testcase>
  <testcase name="testFunctionDefinition" classname="com.wei.compiler.test.SymbolTableManagerTest" time="0.001"/>
  <testcase name="testScopeManagement" classname="com.wei.compiler.test.SymbolTableManagerTest" time="0.002"/>
  <testcase name="testRedefinitionError" classname="com.wei.compiler.test.SymbolTableManagerTest" time="0.001"/>
</testsuite>